\BOOKMARK [2][-]{subsection.0.1}{1. Symmetric Polynomials}{}% 1
\BOOKMARK [2][-]{subsection.0.2}{2. Complete and Elementary Symmetric Polynomials}{}% 2
\BOOKMARK [2][-]{subsection.0.3}{3. Alternating Polynomials}{}% 3
\BOOKMARK [2][-]{subsection.0.4}{4. Interpretation of Alternants with Labeled Abaci}{}% 4
\BOOKMARK [2][-]{subsection.0.5}{5. Cauchy's Bialternant Form of a Schur Polynomial}{}% 5
\BOOKMARK [2][-]{subsection.0.6}{6. Pieri's rule}{}% 6
\BOOKMARK [2][-]{subsection.0.7}{7. Schur to Complete and Elementary via Tableaux}{}% 7
\BOOKMARK [2][-]{subsection.0.8}{8. Triangularity of Kostka Numbers}{}% 8
\BOOKMARK [2][-]{subsection.0.9}{9. Schensted's insertion algorithm}{}% 9
\BOOKMARK [2][-]{subsection.0.10}{10. Tableaux and Words}{}% 10
\BOOKMARK [2][-]{subsection.0.11}{11. The Plactic Monoid}{}% 11
\BOOKMARK [2][-]{subsection.0.12}{12. The plactic Pieri rules}{}% 12
\BOOKMARK [2][-]{subsection.0.13}{13. Greene's Theorem}{}% 13
\BOOKMARK [2][-]{subsection.0.14}{14. The Lindstr\366m-Gessel-Viennot Lemma}{}% 14
\BOOKMARK [2][-]{subsection.0.15}{15. The Jacobi-Trudi Identities}{}% 15
\BOOKMARK [2][-]{subsection.0.16}{16. Skew-Schur Polynomials}{}% 16
\BOOKMARK [2][-]{subsection.0.17}{17. Giambelli's Identity}{}% 17
\BOOKMARK [2][-]{subsection.0.18}{18. The Robinson-Schensted-Knuth Correspondences}{}% 18
\BOOKMARK [2][-]{subsection.0.19}{19. The Littlewood-Richardson Rule}{}% 19
\BOOKMARK [2][-]{subsection.0.20}{20. Skew-Schur polynomials and the Littlewood-Richardson Rule}{}% 20
\BOOKMARK [2][-]{subsection.0.21}{21. Sources}{}% 21
\BOOKMARK [1][-]{section*.10}{References}{}% 22
